

Microchip Technology PIC18 LITE Macro Assembler V1.45 build -152302408 
                                                                                               Sun Nov 17 21:20:50 2019

Microchip Technology Omniscient Code Generator v1.45 (Free mode) build 201711160504
     1                           	processor	18F4455
     2                           	fnconf	rparam,??,?,0
     3                           	opt	pw 120
     4                           	opt	lm
     5                           	psect	cinit,global,reloc=2,class=CODE,delta=1
     6                           	psect	cstackCOMRAM,global,class=COMRAM,space=1,delta=1,noexec
     7                           	psect	text0,global,reloc=2,class=CODE,delta=1
     8                           	psect	intsave_regs,global,class=BIGRAM,space=1,delta=1,noexec
     9                           	psect	rparam,global,class=COMRAM,space=1,delta=1,noexec
    10  0000                     
    11                           ; Version 1.45
    12                           ; Generated 16/11/2017 GMT
    13                           ; 
    14                           ; Copyright © 2017, Microchip Technology Inc. and its subsidiaries ("Microchip")
    15                           ; All rights reserved.
    16                           ; 
    17                           ; This software is developed by Microchip Technology Inc. and its subsidiaries ("Microch
      +                          ip").
    18                           ; 
    19                           ; Redistribution and use in source and binary forms, with or without modification, are
    20                           ; permitted provided that the following conditions are met:
    21                           ; 
    22                           ;     1. Redistributions of source code must retain the above copyright notice, this lis
      +                          t of
    23                           ;        conditions and the following disclaimer.
    24                           ; 
    25                           ;     2. Redistributions in binary form must reproduce the above copyright notice, this 
      +                          list
    26                           ;        of conditions and the following disclaimer in the documentation and/or other
    27                           ;        materials provided with the distribution.
    28                           ; 
    29                           ;     3. Microchip's name may not be used to endorse or promote products derived from th
      +                          is
    30                           ;        software without specific prior written permission.
    31                           ; 
    32                           ; THIS SOFTWARE IS PROVIDED BY MICROCHIP "AS IS" AND ANY EXPRESS OR IMPLIED WARRANTIES,
    33                           ; INCLUDING, BUT NOT LIMITED TO, THE IMPLIED WARRANTIES OF MERCHANTABILITY AND FITNESS F
      +                          OR
    34                           ; PURPOSE ARE DISCLAIMED.  IN NO EVENT SHALL MICROCHIP BE LIABLE FOR ANY DIRECT, INDIREC
      +                          T,
    35                           ; INCIDENTAL, SPECIAL, EXEMPLARY, OR CONSEQUENTIAL DAMAGES (INCLUDING BUT NOT LIMITED TO
    36                           ; PROCUREMENT OF SUBSTITUTE GOODS OR SERVICES; LOSS OF USE, DATA OR PROFITS; OR BUSINESS
    37                           ; INTERRUPTION) HOWSOEVER CAUSED AND ON ANY THEORY OF LIABILITY, WHETHER IN CONTRACT, ST
      +                          RICT
    38                           ; LIABILITY, OR TORT (INCLUDING NEGLIGENCE OR OTHERWISE) ARISING IN ANY WAY OUT OF THE U
      +                          SE OF
    39                           ; THIS SOFTWARE, EVEN IF ADVISED OF THE POSSIBILITY OF SUCH DAMAGE.
    40                           ; 
    41                           ; 
    42                           ; Code-generator required, PIC18F4455 Definitions
    43                           ; 
    44                           ; SFR Addresses
    45  0000                     _TXREG	set	4013
    46  0000                     _LATBbits	set	3978
    47  0000                     _SPBRG	set	4015
    48  0000                     _TRISB	set	3987
    49  0000                     _TXCKP	set	32196
    50  0000                     _BRGH	set	32098
    51  0000                     _SENDB	set	32099
    52  0000                     _SYNC	set	32100
    53  0000                     _TXEN	set	32101
    54  0000                     _TX9	set	32102
    55  0000                     _SPEN	set	32095
    56  0000                     _BRG16	set	32195
    57                           
    58                           ; #config settings
    59  0000                     
    60                           	psect	cinit
    61  005FA4                     __pcinit:
    62                           	opt stack 0
    63  005FA4                     start_initialization:
    64                           	opt stack 0
    65  005FA4                     __initialization:
    66                           	opt stack 0
    67  005FA4                     end_of_initialization:
    68                           	opt stack 0
    69  005FA4                     __end_of__initialization:
    70                           	opt stack 0
    71  005FA4  0100               	movlb	0
    72  005FA6  EFD5  F02F         	goto	_main	;jump to C main() function
    73                           
    74                           	psect	cstackCOMRAM
    75  000001                     __pcstackCOMRAM:
    76                           	opt stack 0
    77  000001                     ??_main:
    78                           
    79                           ; 1 bytes @ 0x0
    80  000001                     	ds	2
    81                           
    82 ;;
    83 ;;Main: autosize = 0, tempsize = 2, incstack = 0, save=0
    84 ;;
    85 ;; *************** function _main *****************
    86 ;; Defined at:
    87 ;;		line 77 in file "main.c"
    88 ;; Parameters:    Size  Location     Type
    89 ;;		None
    90 ;; Auto vars:     Size  Location     Type
    91 ;;		None
    92 ;; Return value:  Size  Location     Type
    93 ;;                  1    wreg      void 
    94 ;; Registers used:
    95 ;;		wreg, status,2
    96 ;; Tracked objects:
    97 ;;		On entry : 0/0
    98 ;;		On exit  : 0/0
    99 ;;		Unchanged: 0/0
   100 ;; Data sizes:     COMRAM   BANK0   BANK1   BANK2   BANK3   BANK4   BANK5   BANK6   BANK7
   101 ;;      Params:         0       0       0       0       0       0       0       0       0
   102 ;;      Locals:         0       0       0       0       0       0       0       0       0
   103 ;;      Temps:          2       0       0       0       0       0       0       0       0
   104 ;;      Totals:         2       0       0       0       0       0       0       0       0
   105 ;;Total ram usage:        2 bytes
   106 ;; This function calls:
   107 ;;		Nothing
   108 ;; This function is called by:
   109 ;;		Startup code after reset
   110 ;; This function uses a non-reentrant model
   111 ;;
   112                           
   113                           	psect	text0
   114  005FAA                     __ptext0:
   115                           	opt stack 0
   116  005FAA                     _main:
   117                           	opt stack 31
   118                           
   119                           ;main.c: 79: TRISB = 0;
   120                           
   121                           ;incstack = 0
   122  005FAA  0E00               	movlw	0
   123  005FAC  6E93               	movwf	3987,c	;volatile
   124                           
   125                           ;main.c: 81: SPBRG=31;
   126  005FAE  0E1F               	movlw	31
   127  005FB0  6EAF               	movwf	4015,c	;volatile
   128                           
   129                           ;main.c: 84: BRG16 = 0;
   130  005FB2  96B8               	bcf	4024,3,c	;volatile
   131                           
   132                           ;main.c: 85: SPEN = 1;
   133  005FB4  8EAB               	bsf	4011,7,c	;volatile
   134                           
   135                           ;main.c: 88: TX9=0;
   136  005FB6  9CAC               	bcf	4012,6,c	;volatile
   137                           
   138                           ;main.c: 89: TXEN=1;
   139  005FB8  8AAC               	bsf	4012,5,c	;volatile
   140                           
   141                           ;main.c: 90: SYNC=0;
   142  005FBA  98AC               	bcf	4012,4,c	;volatile
   143                           
   144                           ;main.c: 91: SENDB=0;
   145  005FBC  96AC               	bcf	4012,3,c	;volatile
   146                           
   147                           ;main.c: 92: BRGH=0;
   148  005FBE  94AC               	bcf	4012,2,c	;volatile
   149                           
   150                           ;main.c: 94: TXCKP=0;
   151  005FC0  98B8               	bcf	4024,4,c	;volatile
   152  005FC2                     
   153                           ;main.c: 97: {
   154                           ;main.c: 98: LATBbits.LATB2 = 1;
   155  005FC2  848A               	bsf	3978,2,c	;volatile
   156                           
   157                           ;main.c: 100: TXREG=65;
   158  005FC4  0E41               	movlw	65
   159  005FC6  6EAD               	movwf	4013,c	;volatile
   160                           
   161                           ;main.c: 102: _delay((unsigned long)((1000)*(20000000/4000.0)));
   162  005FC8  0E1A               	movlw	26
   163  005FCA  6E02               	movwf	(??_main+1)& (0+255),c
   164  005FCC  0E5E               	movlw	94
   165  005FCE  6E01               	movwf	??_main& (0+255),c
   166  005FD0  0E6E               	movlw	110
   167  005FD2                     u17:
   168  005FD2  2EE8               	decfsz	wreg,f,c
   169  005FD4  D7FE               	bra	u17
   170  005FD6  2E01               	decfsz	??_main& (0+255),f,c
   171  005FD8  D7FC               	bra	u17
   172  005FDA  2E02               	decfsz	(??_main+1)& (0+255),f,c
   173  005FDC  D7FA               	bra	u17
   174  005FDE  F000 F000          	nop2	
   175                           
   176                           ;main.c: 104: LATBbits.LATB2 = 0;
   177  005FE2  948A               	bcf	3978,2,c	;volatile
   178                           
   179                           ;main.c: 106: _delay((unsigned long)((1000)*(20000000/4000.0)));
   180  005FE4  0E1A               	movlw	26
   181  005FE6  6E02               	movwf	(??_main+1)& (0+255),c
   182  005FE8  0E5E               	movlw	94
   183  005FEA  6E01               	movwf	??_main& (0+255),c
   184  005FEC  0E6E               	movlw	110
   185  005FEE                     u27:
   186  005FEE  2EE8               	decfsz	wreg,f,c
   187  005FF0  D7FE               	bra	u27
   188  005FF2  2E01               	decfsz	??_main& (0+255),f,c
   189  005FF4  D7FC               	bra	u27
   190  005FF6  2E02               	decfsz	(??_main+1)& (0+255),f,c
   191  005FF8  D7FA               	bra	u27
   192  005FFA  F000 F000          	nop2	
   193  005FFE  D7E1               	goto	l31
   194  006000                     __end_of_main:
   195                           	opt stack 0
   196  0000                     wreg	equ	0xFE8
   197                           wreg	equ	0xFE8
   198                           
   199                           	psect	rparam
   200  0000                     wreg	equ	0xFE8


Data Sizes:
    Strings     0
    Constant    0
    Data        0
    BSS         0
    Persistent  0
    Stack       0

Auto Spaces:
    Space          Size  Autos    Used
    COMRAM           95      2       2
    BANK0           160      0       0
    BANK1           256      0       0
    BANK2           256      0       0
    BANK3           256      0       0
    BANK4           256      0       0
    BANK5           256      0       0
    BANK6           256      0       0
    BANK7           256      0       0

Pointer List with Targets:

    None.

Critical Paths under _main in COMRAM

    None.

Critical Paths under _main in BANK0

    None.

Critical Paths under _main in BANK1

    None.

Critical Paths under _main in BANK2

    None.

Critical Paths under _main in BANK3

    None.

Critical Paths under _main in BANK4

    None.

Critical Paths under _main in BANK5

    None.

Critical Paths under _main in BANK6

    None.

Critical Paths under _main in BANK7

    None.

Call Graph Tables:

 ---------------------------------------------------------------------------------
 (Depth) Function   	        Calls       Base Space   Used Autos Params    Refs
 ---------------------------------------------------------------------------------
 (0) _main                                                 2     2      0       0
                                              0 COMRAM     2     2      0
 ---------------------------------------------------------------------------------
 Estimated maximum stack depth 0
 ---------------------------------------------------------------------------------

 Call Graph Graphs:

 _main (ROOT)

 Address spaces:
Name               Size   Autos  Total    Cost      Usage
BITCOMRAM           5F      0       0       0        0.0%
EEDATA             100      0       0       0        0.0%
NULL                 0      0       0       0        0.0%
CODE                 0      0       0       0        0.0%
COMRAM              5F      2       2       1        2.1%
STACK                0      0       0       2        0.0%
DATA                 0      0       0       3        0.0%
BITBANK0            A0      0       0       4        0.0%
BANK0               A0      0       0       5        0.0%
BITBANK1           100      0       0       6        0.0%
BANK1              100      0       0       7        0.0%
BITBANK2           100      0       0       8        0.0%
BANK2              100      0       0       9        0.0%
BITBANK3           100      0       0      10        0.0%
BANK3              100      0       0      11        0.0%
BITBANK4           100      0       0      12        0.0%
BANK4              100      0       0      13        0.0%
BITBANK5           100      0       0      14        0.0%
BANK5              100      0       0      15        0.0%
BITBANK6           100      0       0      16        0.0%
BANK6              100      0       0      17        0.0%
BITBANK7           100      0       0      18        0.0%
BANK7              100      0       0      19        0.0%
ABS                  0      0       0      20        0.0%
BIGRAM             7FF      0       0      21        0.0%
BITSFR               0      0       0     200        0.0%
SFR                  0      0       0     200        0.0%


Microchip Technology PIC18 Macro Assembler V1.45 build -152302408 
Symbol Table                                                                                   Sun Nov 17 21:20:50 2019

                     l31 5FC2                       u17 5FD2                       u27 5FEE  
            __CFG_BOR$ON 000000              __CFG_BORV$3 000000             __CFG_CP0$OFF 000000  
           __CFG_CP1$OFF 000000             __CFG_CP2$OFF 000000              __CFG_LVP$ON 000000  
            __CFG_WDT$ON 000000             __CFG_CPB$OFF 000000             __CFG_CPD$OFF 000000  
                    _TX9 007D66                      wreg 000FE8             __CFG_FOSC$HS 000000  
                   _BRGH 007D62                     _SPEN 007D5F                     _TXEN 007D65  
                   _SYNC 007D64                     _main 5FAA                     start 0000  
          __CFG_IESO$OFF 000000            __CFG_MCLRE$ON 000000             ___param_bank 000000  
          __CFG_PLLDIV$1 000000           __CFG_CCP2MX$ON 000000                    ?_main 0001  
                  _BRG16 007DC3                    _SENDB 007D63                    _SPBRG 000FAF  
          __CFG_USBDIV$1 000000                    _TRISB 000F93                    _TXCKP 007DC4  
                  _TXREG 000FAD            __CFG_PWRT$OFF 000000            __CFG_WRT0$OFF 000000  
          __CFG_WRT1$OFF 000000            __CFG_WRT2$OFF 000000           __CFG_EBTR0$OFF 000000  
         __CFG_FCMEN$OFF 000000           __CFG_EBTR1$OFF 000000           __CFG_EBTR2$OFF 000000  
          __CFG_WRTB$OFF 000000            __CFG_WRTC$OFF 000000            __CFG_WRTD$OFF 000000  
         __CFG_EBTRB$OFF 000000           __CFG_ICPRT$OFF 000000           __CFG_PBADEN$ON 000000  
        __initialization 5FA4             __end_of_main 6000                   ??_main 0001  
          __activetblptr 000000           __CFG_XINST$OFF 000000           __CFG_STVREN$ON 000000  
             __accesstop 0060  __end_of__initialization 5FA4            ___rparam_used 000001  
         __pcstackCOMRAM 0001          __CFG_VREGEN$OFF 000000                  __Hparam 0000  
                __Lparam 0000                  __pcinit 5FA4                  __ramtop 0800  
                __ptext0 5FAA     end_of_initialization 5FA4      start_initialization 5FA4  
       __CFG_LPT1OSC$OFF 000000                 _LATBbits 000F8A         __CFG_WDTPS$32768 000000  
               __Hrparam 0000                 __Lrparam 0000            __size_of_main 0056  
  __CFG_CPUDIV$OSC1_PLL2 000000  
